-- The C compiler identification is GNU 11.4.0
-- The CXX compiler identification is GNU 11.4.0
-- Detecting C compiler ABI info
-- Detecting C compiler ABI info - done
-- Check for working C compiler: /usr/bin/cc - skipped
-- Detecting C compile features
-- Detecting C compile features - done
-- Detecting CXX compiler ABI info
-- Detecting CXX compiler ABI info - done
-- Check for working CXX compiler: /usr/bin/c++ - skipped
-- Detecting CXX compile features
-- Detecting CXX compile features - done
-- Found ament_cmake: 1.3.10 (/opt/ros/humble/share/ament_cmake/cmake)
-- Found Python3: /usr/bin/python3 (found version "3.10.12") found components: Interpreter 
-- Override CMake install command with custom implementation using symlinks instead of copying resources
-- Configuring done
-- Generating done
-- Build files have been written to: /home/roma/ros2_ws/build/kuzya_bot_description
-- Install configuration: ""
-- Execute custom install script
-- Symlinking: /home/roma/ros2_ws/install/kuzya_bot_description/share/kuzya_bot_description/diffbot/urdf/diffbot.materials.xacro
-- Symlinking: /home/roma/ros2_ws/install/kuzya_bot_description/share/kuzya_bot_description/diffbot/urdf/diffbot_description.urdf.xacro
-- Symlinking: /home/roma/ros2_ws/install/kuzya_bot_description/share/kuzya_bot_description/diffbot/rviz/diffbot.rviz
-- Symlinking: /home/roma/ros2_ws/install/kuzya_bot_description/share/kuzya_bot_description/diffbot/rviz/diffbot_view.rviz
-- Symlinking: /home/roma/ros2_ws/install/kuzya_bot_description/share/ament_index/resource_index/package_run_dependencies/kuzya_bot_description
-- Symlinking: /home/roma/ros2_ws/install/kuzya_bot_description/share/ament_index/resource_index/parent_prefix_path/kuzya_bot_description
-- Symlinking: /home/roma/ros2_ws/install/kuzya_bot_description/share/kuzya_bot_description/environment/ament_prefix_path.sh
-- Symlinking: /home/roma/ros2_ws/install/kuzya_bot_description/share/kuzya_bot_description/environment/ament_prefix_path.dsv
-- Symlinking: /home/roma/ros2_ws/install/kuzya_bot_description/share/kuzya_bot_description/environment/path.sh
-- Symlinking: /home/roma/ros2_ws/install/kuzya_bot_description/share/kuzya_bot_description/environment/path.dsv
-- Symlinking: /home/roma/ros2_ws/install/kuzya_bot_description/share/kuzya_bot_description/local_setup.bash
-- Symlinking: /home/roma/ros2_ws/install/kuzya_bot_description/share/kuzya_bot_description/local_setup.sh
-- Symlinking: /home/roma/ros2_ws/install/kuzya_bot_description/share/kuzya_bot_description/local_setup.zsh
-- Symlinking: /home/roma/ros2_ws/install/kuzya_bot_description/share/kuzya_bot_description/local_setup.dsv
-- Symlinking: /home/roma/ros2_ws/install/kuzya_bot_description/share/kuzya_bot_description/package.dsv
-- Symlinking: /home/roma/ros2_ws/install/kuzya_bot_description/share/ament_index/resource_index/packages/kuzya_bot_description
-- Symlinking: /home/roma/ros2_ws/install/kuzya_bot_description/share/kuzya_bot_description/cmake/kuzya_bot_descriptionConfig.cmake
-- Symlinking: /home/roma/ros2_ws/install/kuzya_bot_description/share/kuzya_bot_description/cmake/kuzya_bot_descriptionConfig-version.cmake
-- Symlinking: /home/roma/ros2_ws/install/kuzya_bot_description/share/kuzya_bot_description/package.xml
