[0.007s] Invoking command in '/home/roma/ros2_ws/build/kuzya_bot_description': CMAKE_PREFIX_PATH=${CMAKE_PREFIX_PATH}:/opt/ros/humble /usr/bin/cmake /home/roma/ros2_ws/src/kuzya_bot_description -DAMENT_CMAKE_SYMLINK_INSTALL=1 -DCMAKE_INSTALL_PREFIX=/home/roma/ros2_ws/install/kuzya_bot_description
[0.043s] -- The C compiler identification is GNU 11.4.0
[0.079s] -- The CXX compiler identification is GNU 11.4.0
[0.084s] -- Detecting C compiler ABI info
[0.130s] -- Detecting C compiler ABI info - done
[0.137s] -- Check for working C compiler: /usr/bin/cc - skipped
[0.137s] -- Detecting C compile features
[0.138s] -- Detecting C compile features - done
[0.141s] -- Detecting CXX compiler ABI info
[0.196s] -- Detecting CXX compiler ABI info - done
[0.203s] -- Check for working CXX compiler: /usr/bin/c++ - skipped
[0.203s] -- Detecting CXX compile features
[0.204s] -- Detecting CXX compile features - done
[0.206s] -- Found ament_cmake: 1.3.10 (/opt/ros/humble/share/ament_cmake/cmake)
[0.300s] -- Found Python3: /usr/bin/python3 (found version "3.10.12") found components: Interpreter 
[0.338s] -- Override CMake install command with custom implementation using symlinks instead of copying resources
[0.402s] -- Configuring done
[0.405s] -- Generating done
[0.407s] -- Build files have been written to: /home/roma/ros2_ws/build/kuzya_bot_description
[0.412s] Invoked command in '/home/roma/ros2_ws/build/kuzya_bot_description' returned '0': CMAKE_PREFIX_PATH=${CMAKE_PREFIX_PATH}:/opt/ros/humble /usr/bin/cmake /home/roma/ros2_ws/src/kuzya_bot_description -DAMENT_CMAKE_SYMLINK_INSTALL=1 -DCMAKE_INSTALL_PREFIX=/home/roma/ros2_ws/install/kuzya_bot_description
[0.413s] Invoking command in '/home/roma/ros2_ws/build/kuzya_bot_description': CMAKE_PREFIX_PATH=${CMAKE_PREFIX_PATH}:/opt/ros/humble /usr/bin/cmake --build /home/roma/ros2_ws/build/kuzya_bot_description -- -j32 -l32
[0.439s] Invoked command in '/home/roma/ros2_ws/build/kuzya_bot_description' returned '0': CMAKE_PREFIX_PATH=${CMAKE_PREFIX_PATH}:/opt/ros/humble /usr/bin/cmake --build /home/roma/ros2_ws/build/kuzya_bot_description -- -j32 -l32
[0.445s] Invoking command in '/home/roma/ros2_ws/build/kuzya_bot_description': CMAKE_PREFIX_PATH=${CMAKE_PREFIX_PATH}:/opt/ros/humble /usr/bin/cmake --install /home/roma/ros2_ws/build/kuzya_bot_description
[0.450s] -- Install configuration: ""
[0.450s] -- Execute custom install script
[0.450s] -- Symlinking: /home/roma/ros2_ws/install/kuzya_bot_description/share/kuzya_bot_description/diffbot/urdf/diffbot.materials.xacro
[0.456s] -- Symlinking: /home/roma/ros2_ws/install/kuzya_bot_description/share/kuzya_bot_description/diffbot/urdf/diffbot_description.urdf.xacro
[0.462s] -- Symlinking: /home/roma/ros2_ws/install/kuzya_bot_description/share/kuzya_bot_description/diffbot/rviz/diffbot.rviz
[0.467s] -- Symlinking: /home/roma/ros2_ws/install/kuzya_bot_description/share/kuzya_bot_description/diffbot/rviz/diffbot_view.rviz
[0.473s] -- Symlinking: /home/roma/ros2_ws/install/kuzya_bot_description/share/ament_index/resource_index/package_run_dependencies/kuzya_bot_description
[0.478s] -- Symlinking: /home/roma/ros2_ws/install/kuzya_bot_description/share/ament_index/resource_index/parent_prefix_path/kuzya_bot_description
[0.484s] -- Symlinking: /home/roma/ros2_ws/install/kuzya_bot_description/share/kuzya_bot_description/environment/ament_prefix_path.sh
[0.490s] -- Symlinking: /home/roma/ros2_ws/install/kuzya_bot_description/share/kuzya_bot_description/environment/ament_prefix_path.dsv
[0.496s] -- Symlinking: /home/roma/ros2_ws/install/kuzya_bot_description/share/kuzya_bot_description/environment/path.sh
[0.502s] -- Symlinking: /home/roma/ros2_ws/install/kuzya_bot_description/share/kuzya_bot_description/environment/path.dsv
[0.507s] -- Symlinking: /home/roma/ros2_ws/install/kuzya_bot_description/share/kuzya_bot_description/local_setup.bash
[0.513s] -- Symlinking: /home/roma/ros2_ws/install/kuzya_bot_description/share/kuzya_bot_description/local_setup.sh
[0.519s] -- Symlinking: /home/roma/ros2_ws/install/kuzya_bot_description/share/kuzya_bot_description/local_setup.zsh
[0.524s] -- Symlinking: /home/roma/ros2_ws/install/kuzya_bot_description/share/kuzya_bot_description/local_setup.dsv
[0.530s] -- Symlinking: /home/roma/ros2_ws/install/kuzya_bot_description/share/kuzya_bot_description/package.dsv
[0.536s] -- Symlinking: /home/roma/ros2_ws/install/kuzya_bot_description/share/ament_index/resource_index/packages/kuzya_bot_description
[0.541s] -- Symlinking: /home/roma/ros2_ws/install/kuzya_bot_description/share/kuzya_bot_description/cmake/kuzya_bot_descriptionConfig.cmake
[0.547s] -- Symlinking: /home/roma/ros2_ws/install/kuzya_bot_description/share/kuzya_bot_description/cmake/kuzya_bot_descriptionConfig-version.cmake
[0.553s] -- Symlinking: /home/roma/ros2_ws/install/kuzya_bot_description/share/kuzya_bot_description/package.xml
[0.560s] Invoked command in '/home/roma/ros2_ws/build/kuzya_bot_description' returned '0': CMAKE_PREFIX_PATH=${CMAKE_PREFIX_PATH}:/opt/ros/humble /usr/bin/cmake --install /home/roma/ros2_ws/build/kuzya_bot_description
