[0.009s] Invoking command in '/home/roma/ros2_ws/build/kuzya_bot': CMAKE_PREFIX_PATH=${CMAKE_PREFIX_PATH}:/opt/ros/humble /usr/bin/cmake --build /home/roma/ros2_ws/build/kuzya_bot -- -j32 -l32
[0.047s] [100%] Built target kuzya_bot
[0.055s] Invoked command in '/home/roma/ros2_ws/build/kuzya_bot' returned '0': CMAKE_PREFIX_PATH=${CMAKE_PREFIX_PATH}:/opt/ros/humble /usr/bin/cmake --build /home/roma/ros2_ws/build/kuzya_bot -- -j32 -l32
[0.056s] Invoking command in '/home/roma/ros2_ws/build/kuzya_bot': CMAKE_PREFIX_PATH=${CMAKE_PREFIX_PATH}:/opt/ros/humble /usr/bin/cmake --install /home/roma/ros2_ws/build/kuzya_bot
[0.061s] -- Install configuration: ""
[0.061s] -- Execute custom install script
[0.061s] -- Up-to-date symlink: /home/roma/ros2_ws/install/kuzya_bot/share/kuzya_bot//kuzya_bot.xml
[0.061s] -- Up-to-date symlink: /home/roma/ros2_ws/install/kuzya_bot/include/kuzya_bot/kuzya_bot/diffbot_system.hpp
[0.061s] -- Up-to-date symlink: /home/roma/ros2_ws/install/kuzya_bot/share/kuzya_bot/launch/view_robot.launch.py
[0.062s] -- Up-to-date symlink: /home/roma/ros2_ws/install/kuzya_bot/share/kuzya_bot/ros2_control/diffbot.ros2_control.xacro
[0.062s] -- Up-to-date symlink: /home/roma/ros2_ws/install/kuzya_bot/share/kuzya_bot/urdf/diffbot.urdf.xacro
[0.062s] -- Up-to-date symlink: /home/roma/ros2_ws/install/kuzya_bot/share/kuzya_bot/launch/diffbot.launch.py
[0.063s] -- Up-to-date symlink: /home/roma/ros2_ws/install/kuzya_bot/share/kuzya_bot/config/diffbot_controllers.yaml
[0.063s] -- Up-to-date symlink: /home/roma/ros2_ws/install/kuzya_bot/share/kuzya_bot/environment/library_path.sh
[0.063s] -- Up-to-date symlink: /home/roma/ros2_ws/install/kuzya_bot/share/kuzya_bot/environment/library_path.dsv
[0.063s] -- Up-to-date symlink: /home/roma/ros2_ws/install/kuzya_bot/share/ament_index/resource_index/package_run_dependencies/kuzya_bot
[0.063s] -- Up-to-date symlink: /home/roma/ros2_ws/install/kuzya_bot/share/ament_index/resource_index/parent_prefix_path/kuzya_bot
[0.063s] -- Up-to-date symlink: /home/roma/ros2_ws/install/kuzya_bot/share/kuzya_bot/environment/ament_prefix_path.sh
[0.063s] -- Up-to-date symlink: /home/roma/ros2_ws/install/kuzya_bot/share/kuzya_bot/environment/ament_prefix_path.dsv
[0.063s] -- Up-to-date symlink: /home/roma/ros2_ws/install/kuzya_bot/share/kuzya_bot/environment/path.sh
[0.063s] -- Up-to-date symlink: /home/roma/ros2_ws/install/kuzya_bot/share/kuzya_bot/environment/path.dsv
[0.063s] -- Up-to-date symlink: /home/roma/ros2_ws/install/kuzya_bot/share/kuzya_bot/local_setup.bash
[0.063s] -- Up-to-date symlink: /home/roma/ros2_ws/install/kuzya_bot/share/kuzya_bot/local_setup.sh
[0.063s] -- Up-to-date symlink: /home/roma/ros2_ws/install/kuzya_bot/share/kuzya_bot/local_setup.zsh
[0.063s] -- Up-to-date symlink: /home/roma/ros2_ws/install/kuzya_bot/share/kuzya_bot/local_setup.dsv
[0.064s] -- Symlinking: /home/roma/ros2_ws/install/kuzya_bot/share/kuzya_bot/package.dsv
[0.069s] -- Up-to-date symlink: /home/roma/ros2_ws/install/kuzya_bot/share/ament_index/resource_index/packages/kuzya_bot
[0.069s] -- Up-to-date symlink: /home/roma/ros2_ws/install/kuzya_bot/share/ament_index/resource_index/hardware_interface__pluginlib__plugin/kuzya_bot
[0.069s] -- Up-to-date symlink: /home/roma/ros2_ws/install/kuzya_bot/share/kuzya_bot/cmake/ament_cmake_export_targets-extras.cmake
[0.069s] -- Up-to-date symlink: /home/roma/ros2_ws/install/kuzya_bot/share/kuzya_bot/cmake/ament_cmake_export_dependencies-extras.cmake
[0.069s] -- Up-to-date symlink: /home/roma/ros2_ws/install/kuzya_bot/share/kuzya_bot/cmake/kuzya_botConfig.cmake
[0.070s] -- Up-to-date symlink: /home/roma/ros2_ws/install/kuzya_bot/share/kuzya_bot/cmake/kuzya_botConfig-version.cmake
[0.070s] -- Up-to-date symlink: /home/roma/ros2_ws/install/kuzya_bot/share/kuzya_bot/package.xml
[0.070s] -- Up-to-date: /home/roma/ros2_ws/install/kuzya_bot/lib/libkuzya_bot.so
[0.070s] -- Up-to-date: /home/roma/ros2_ws/install/kuzya_bot/share/kuzya_bot/cmake/export_kuzya_botExport.cmake
[0.070s] -- Up-to-date: /home/roma/ros2_ws/install/kuzya_bot/share/kuzya_bot/cmake/export_kuzya_botExport-noconfig.cmake
[0.072s] Invoked command in '/home/roma/ros2_ws/build/kuzya_bot' returned '0': CMAKE_PREFIX_PATH=${CMAKE_PREFIX_PATH}:/opt/ros/humble /usr/bin/cmake --install /home/roma/ros2_ws/build/kuzya_bot
