[35m[1mConsolidate compiler generated dependencies of target kuzya_bot[0m
[100%] Built target kuzya_bot
-- Install configuration: ""
-- Execute custom install script
-- Up-to-date symlink: /home/roma/ros2_ws/install/kuzya_bot/share/kuzya_bot//kuzya_bot.xml
-- Up-to-date symlink: /home/roma/ros2_ws/install/kuzya_bot/include/kuzya_bot/kuzya_bot/diffbot_system.hpp
-- Up-to-date symlink: /home/roma/ros2_ws/install/kuzya_bot/share/kuzya_bot/launch/view_robot.launch.py
-- Up-to-date symlink: /home/roma/ros2_ws/install/kuzya_bot/share/kuzya_bot/ros2_control/diffbot.ros2_control.xacro
-- Up-to-date symlink: /home/roma/ros2_ws/install/kuzya_bot/share/kuzya_bot/urdf/diffbot.urdf.xacro
-- Up-to-date symlink: /home/roma/ros2_ws/install/kuzya_bot/share/kuzya_bot/launch/diffbot.launch.py
-- Up-to-date symlink: /home/roma/ros2_ws/install/kuzya_bot/share/kuzya_bot/config/diffbot_controllers.yaml
-- Up-to-date symlink: /home/roma/ros2_ws/install/kuzya_bot/share/kuzya_bot/environment/library_path.sh
-- Up-to-date symlink: /home/roma/ros2_ws/install/kuzya_bot/share/kuzya_bot/environment/library_path.dsv
-- Up-to-date symlink: /home/roma/ros2_ws/install/kuzya_bot/share/ament_index/resource_index/package_run_dependencies/kuzya_bot
-- Up-to-date symlink: /home/roma/ros2_ws/install/kuzya_bot/share/ament_index/resource_index/parent_prefix_path/kuzya_bot
-- Up-to-date symlink: /home/roma/ros2_ws/install/kuzya_bot/share/kuzya_bot/environment/ament_prefix_path.sh
-- Up-to-date symlink: /home/roma/ros2_ws/install/kuzya_bot/share/kuzya_bot/environment/ament_prefix_path.dsv
-- Up-to-date symlink: /home/roma/ros2_ws/install/kuzya_bot/share/kuzya_bot/environment/path.sh
-- Up-to-date symlink: /home/roma/ros2_ws/install/kuzya_bot/share/kuzya_bot/environment/path.dsv
-- Up-to-date symlink: /home/roma/ros2_ws/install/kuzya_bot/share/kuzya_bot/local_setup.bash
-- Up-to-date symlink: /home/roma/ros2_ws/install/kuzya_bot/share/kuzya_bot/local_setup.sh
-- Up-to-date symlink: /home/roma/ros2_ws/install/kuzya_bot/share/kuzya_bot/local_setup.zsh
-- Up-to-date symlink: /home/roma/ros2_ws/install/kuzya_bot/share/kuzya_bot/local_setup.dsv
-- Symlinking: /home/roma/ros2_ws/install/kuzya_bot/share/kuzya_bot/package.dsv
-- Up-to-date symlink: /home/roma/ros2_ws/install/kuzya_bot/share/ament_index/resource_index/packages/kuzya_bot
-- Up-to-date symlink: /home/roma/ros2_ws/install/kuzya_bot/share/ament_index/resource_index/hardware_interface__pluginlib__plugin/kuzya_bot
-- Up-to-date symlink: /home/roma/ros2_ws/install/kuzya_bot/share/kuzya_bot/cmake/ament_cmake_export_targets-extras.cmake
-- Up-to-date symlink: /home/roma/ros2_ws/install/kuzya_bot/share/kuzya_bot/cmake/ament_cmake_export_dependencies-extras.cmake
-- Up-to-date symlink: /home/roma/ros2_ws/install/kuzya_bot/share/kuzya_bot/cmake/kuzya_botConfig.cmake
-- Up-to-date symlink: /home/roma/ros2_ws/install/kuzya_bot/share/kuzya_bot/cmake/kuzya_botConfig-version.cmake
-- Up-to-date symlink: /home/roma/ros2_ws/install/kuzya_bot/share/kuzya_bot/package.xml
-- Up-to-date: /home/roma/ros2_ws/install/kuzya_bot/lib/libkuzya_bot.so
-- Up-to-date: /home/roma/ros2_ws/install/kuzya_bot/share/kuzya_bot/cmake/export_kuzya_botExport.cmake
-- Up-to-date: /home/roma/ros2_ws/install/kuzya_bot/share/kuzya_bot/cmake/export_kuzya_botExport-noconfig.cmake
