[0.007s] Invoking command in '/home/roma/ros2_ws/build/kuzya_bot_description': CMAKE_PREFIX_PATH=/opt/ros/humble /usr/bin/cmake --build /home/roma/ros2_ws/build/kuzya_bot_description -- -j32 -l32
[0.033s] Invoked command in '/home/roma/ros2_ws/build/kuzya_bot_description' returned '0': CMAKE_PREFIX_PATH=/opt/ros/humble /usr/bin/cmake --build /home/roma/ros2_ws/build/kuzya_bot_description -- -j32 -l32
[0.040s] Invoking command in '/home/roma/ros2_ws/build/kuzya_bot_description': CMAKE_PREFIX_PATH=/opt/ros/humble /usr/bin/cmake --install /home/roma/ros2_ws/build/kuzya_bot_description
[0.045s] -- Install configuration: ""
[0.045s] -- Execute custom install script
[0.045s] -- Up-to-date symlink: /home/roma/ros2_ws/install/kuzya_bot_description/share/kuzya_bot_description/diffbot/urdf/diffbot.materials.xacro
[0.045s] -- Up-to-date symlink: /home/roma/ros2_ws/install/kuzya_bot_description/share/kuzya_bot_description/diffbot/urdf/diffbot_description.urdf.xacro
[0.045s] -- Up-to-date symlink: /home/roma/ros2_ws/install/kuzya_bot_description/share/kuzya_bot_description/diffbot/rviz/diffbot.rviz
[0.046s] -- Up-to-date symlink: /home/roma/ros2_ws/install/kuzya_bot_description/share/kuzya_bot_description/diffbot/rviz/diffbot_view.rviz
[0.046s] -- Up-to-date symlink: /home/roma/ros2_ws/install/kuzya_bot_description/share/ament_index/resource_index/package_run_dependencies/kuzya_bot_description
[0.046s] -- Up-to-date symlink: /home/roma/ros2_ws/install/kuzya_bot_description/share/ament_index/resource_index/parent_prefix_path/kuzya_bot_description
[0.046s] -- Up-to-date symlink: /home/roma/ros2_ws/install/kuzya_bot_description/share/kuzya_bot_description/environment/ament_prefix_path.sh
[0.046s] -- Up-to-date symlink: /home/roma/ros2_ws/install/kuzya_bot_description/share/kuzya_bot_description/environment/ament_prefix_path.dsv
[0.046s] -- Up-to-date symlink: /home/roma/ros2_ws/install/kuzya_bot_description/share/kuzya_bot_description/environment/path.sh
[0.046s] -- Up-to-date symlink: /home/roma/ros2_ws/install/kuzya_bot_description/share/kuzya_bot_description/environment/path.dsv
[0.046s] -- Up-to-date symlink: /home/roma/ros2_ws/install/kuzya_bot_description/share/kuzya_bot_description/local_setup.bash
[0.046s] -- Up-to-date symlink: /home/roma/ros2_ws/install/kuzya_bot_description/share/kuzya_bot_description/local_setup.sh
[0.046s] -- Up-to-date symlink: /home/roma/ros2_ws/install/kuzya_bot_description/share/kuzya_bot_description/local_setup.zsh
[0.046s] -- Up-to-date symlink: /home/roma/ros2_ws/install/kuzya_bot_description/share/kuzya_bot_description/local_setup.dsv
[0.047s] -- Symlinking: /home/roma/ros2_ws/install/kuzya_bot_description/share/kuzya_bot_description/package.dsv
[0.053s] -- Up-to-date symlink: /home/roma/ros2_ws/install/kuzya_bot_description/share/ament_index/resource_index/packages/kuzya_bot_description
[0.053s] -- Up-to-date symlink: /home/roma/ros2_ws/install/kuzya_bot_description/share/kuzya_bot_description/cmake/kuzya_bot_descriptionConfig.cmake
[0.053s] -- Up-to-date symlink: /home/roma/ros2_ws/install/kuzya_bot_description/share/kuzya_bot_description/cmake/kuzya_bot_descriptionConfig-version.cmake
[0.053s] -- Up-to-date symlink: /home/roma/ros2_ws/install/kuzya_bot_description/share/kuzya_bot_description/package.xml
[0.054s] Invoked command in '/home/roma/ros2_ws/build/kuzya_bot_description' returned '0': CMAKE_PREFIX_PATH=/opt/ros/humble /usr/bin/cmake --install /home/roma/ros2_ws/build/kuzya_bot_description
